生成启动时间为 2016/11/13 11:44:42。
     1>项目“H:\myself\skeletonOnPCL\skeletonOnPCL\skeletonOnPCL.vcxproj”在节点 2 上(build 个目标)。
     1>InitializeBuildStatus:
         正在对“Debug\skeletonOnPCL.unsuccessfulbuild”执行 Touch 任务。
       ClCompile:
         D:\Microsoft Visual Studio 10.0\VC\bin\CL.exe /c /ZI /nologo /W3 /WX- /Od /Oy- /D WIN32 /D _DEBUG /D _CONSOLE /D _UNICODE /D UNICODE /Gm /EHsc /RTC1 /MDd /GS /fp:precise /Zc:wchar_t /Zc:forScope /Fo"Debug\\" /Fd"Debug\vc100.pdb" /Gd /TP /analyze- /errorReport:prompt main.cpp
         main.cpp
     1>d:\pcl 1.7.1\include\pcl-1.7\pcl\point_traits.h : warning C4819: 该文件包含不能在当前代码页(936)中表示的字符。请将该文件保存为 Unicode 格式以防止数据丢失
     1>d:\pcl 1.7.1\include\pcl-1.7\pcl\point_traits.h : warning C4819: 该文件包含不能在当前代码页(936)中表示的字符。请将该文件保存为 Unicode 格式以防止数据丢失
     1>d:\pcl 1.7.1\include\pcl-1.7\pcl\point_traits.h : warning C4819: 该文件包含不能在当前代码页(936)中表示的字符。请将该文件保存为 Unicode 格式以防止数据丢失
       ManifestResourceCompile:
         所有输出均为最新。
       Link:
         D:\Microsoft Visual Studio 10.0\VC\bin\link.exe /ERRORREPORT:PROMPT /OUT:"H:\myself\skeletonOnPCL\Debug\skeletonOnPCL.exe" /INCREMENTAL /NOLOGO pcl_common_debug.lib pcl_features_debug.lib pcl_filters_debug.lib pcl_io_debug.lib pcl_io_ply_debug.lib pcl_kdtree_debug.lib pcl_keypoints_debug.lib pcl_octree_debug.lib pcl_outofcore_debug.lib pcl_people_debug.lib pcl_recognition_debug.lib pcl_registration_debug.lib pcl_sample_consensus_debug.lib pcl_search_debug.lib pcl_segmentation_debug.lib pcl_surface_debug.lib pcl_tracking_debug.lib pcl_visualization_debug.lib "boost_chrono-vc100-mt-gd-1_50.lib" "boost_date_time-vc100-mt-gd-1_50.lib" "boost_filesystem-vc100-mt-gd-1_50.lib" "boost_graph-vc100-mt-gd-1_50.lib" "boost_graph_parallel-vc100-mt-gd-1_50.lib" "boost_iostreams-vc100-mt-gd-1_50.lib" "boost_locale-vc100-mt-gd-1_50.lib" "boost_math_c99-vc100-mt-gd-1_50.lib" "boost_math_c99f-vc100-mt-gd-1_50.lib" "boost_math_tr1-vc100-mt-gd-1_50.lib" "boost_math_tr1f-vc100-mt-gd-1_50.lib" "boost_mpi-vc100-mt-gd-1_50.lib" "boost_prg_exec_monitor-vc100-mt-gd-1_50.lib" "boost_program_options-vc100-mt-gd-1_50.lib" "boost_random-vc100-mt-gd-1_50.lib" "boost_regex-vc100-mt-gd-1_50.lib" "boost_serialization-vc100-mt-gd-1_50.lib" "boost_signals-vc100-mt-gd-1_50.lib" "boost_system-vc100-mt-gd-1_50.lib" "boost_thread-vc100-mt-gd-1_50.lib" "boost_timer-vc100-mt-gd-1_50.lib" "boost_unit_test_framework-vc100-mt-gd-1_50.lib" "boost_wave-vc100-mt-gd-1_50.lib" "boost_wserialization-vc100-mt-gd-1_50.lib" "libboost_chrono-vc100-mt-gd-1_50.lib" "libboost_date_time-vc100-mt-gd-1_50.lib" "libboost_filesystem-vc100-mt-gd-1_50.lib" "libboost_graph_parallel-vc100-mt-gd-1_50.lib" "libboost_iostreams-vc100-mt-gd-1_50.lib" "libboost_locale-vc100-mt-gd-1_50.lib" "libboost_math_c99-vc100-mt-gd-1_50.lib" "libboost_math_c99f-vc100-mt-gd-1_50.lib" "libboost_math_tr1-vc100-mt-gd-1_50.lib" "libboost_math_tr1f-vc100-mt-gd-1_50.lib" "libboost_mpi-vc100-mt-gd-1_50.lib" "libboost_prg_exec_monitor-vc100-mt-gd-1_50.lib" "libboost_program_options-vc100-mt-gd-1_50.lib" "libboost_random-vc100-mt-gd-1_50.lib" "libboost_regex-vc100-mt-gd-1_50.lib" "libboost_serialization-vc100-mt-gd-1_50.lib" "libboost_signals-vc100-mt-gd-1_50.lib" "libboost_system-vc100-mt-gd-1_50.lib" "libboost_test_exec_monitor-vc100-mt-gd-1_50.lib" "libboost_thread-vc100-mt-gd-1_50.lib" "libboost_timer-vc100-mt-gd-1_50.lib" "libboost_unit_test_framework-vc100-mt-gd-1_50.lib" "libboost_wave-vc100-mt-gd-1_50.lib" "libboost_wserialization-vc100-mt-gd-1_50.lib" "flann-gd.lib" "flann_cpp_s-gd.lib" "flann_cuda_s-gd.lib" "flann_s-gd.lib" "MapReduceMPI-gd.lib" "mpistubs-gd.lib" "QVTK-gd.lib" "vtkalglib-gd.lib" "vtkCharts-gd.lib" "vtkCommon-gd.lib" "vtkDICOMParser-gd.lib" "vtkexoIIc-gd.lib" "vtkexpat-gd.lib" "vtkFiltering-gd.lib" "vtkfreetype-gd.lib" "vtkftgl-gd.lib" "vtkGenericFiltering-gd.lib" "vtkGeovis-gd.lib" "vtkGraphics-gd.lib" "vtkhdf5-gd.lib" "vtkHybrid-gd.lib" "vtkImaging-gd.lib" "vtkInfovis-gd.lib" "vtkIO-gd.lib" "vtkjpeg-gd.lib" "vtklibxml2-gd.lib" "vtkmetaio-gd.lib" "vtkNetCDF-gd.lib" "vtkNetCDF_cxx-gd.lib" "vtkpng-gd.lib" "vtkproj4-gd.lib" "vtkRendering-gd.lib" "vtksqlite-gd.lib" "vtksys-gd.lib" "vtktiff-gd.lib" "vtkverdict-gd.lib" "vtkViews-gd.lib" "vtkVolumeRendering-gd.lib" "vtkWidgets-gd.lib" "vtkzlib-gd.lib" NiSampleExtensionModule.lib NiSampleModule.lib OpenNI.jni.lib openNI.lib opengl32.lib kernel32.lib user32.lib gdi32.lib winspool.lib comdlg32.lib advapi32.lib shell32.lib ole32.lib oleaut32.lib uuid.lib odbc32.lib odbccp32.lib /MANIFEST /ManifestFile:"Debug\skeletonOnPCL.exe.intermediate.manifest" /MANIFESTUAC:"level='asInvoker' uiAccess='false'" /DEBUG /PDB:"H:\myself\skeletonOnPCL\Debug\skeletonOnPCL.pdb" /SUBSYSTEM:CONSOLE /TLBID:1 /DYNAMICBASE /NXCOMPAT /IMPLIB:"H:\myself\skeletonOnPCL\Debug\skeletonOnPCL.lib" /MACHINE:X86 Debug\skeletonOnPCL.exe.embed.manifest.res
         Debug\main.obj
         Debug\SkeletonAlgorithm.obj
         Debug\VertexOnPCL.obj
       Manifest:
         C:\Program Files (x86)\Microsoft SDKs\Windows\v7.0A\bin\mt.exe /nologo /verbose /out:"Debug\skeletonOnPCL.exe.embed.manifest" /manifest Debug\skeletonOnPCL.exe.intermediate.manifest
         所有输出均为最新。
       LinkEmbedManifest:
         所有输出均为最新。
         skeletonOnPCL.vcxproj -> H:\myself\skeletonOnPCL\Debug\skeletonOnPCL.exe
       FinalizeBuildStatus:
         正在删除文件“Debug\skeletonOnPCL.unsuccessfulbuild”。
         正在对“Debug\skeletonOnPCL.lastbuildstate”执行 Touch 任务。
     1>已完成生成项目“H:\myself\skeletonOnPCL\skeletonOnPCL\skeletonOnPCL.vcxproj”(build 个目标)的操作。

生成成功。

已用时间 00:00:16.93
